2018-12-04 16:56:24 -Starting BootdoApplication on WY-20180711LOHQ with PID 9084 (E:\JetBrains\wangpei\bootdo\bootdo\target\classes started by Administrator in E:\JetBrains\wangpei\bootdo\bootdo)
2018-12-04 16:56:24 -Running with Spring Boot v2.0.3.RELEASE, Spring v5.0.7.RELEASE
2018-12-04 16:56:24 -The following profiles are active: dev
2018-12-04 16:56:24 -Refreshing org.springframework.boot.web.servlet.context.AnnotationConfigServletWebServerApplicationContext@1de5f259: startup date [Tue Dec 04 16:56:24 CST 2018]; root of context hierarchy
2018-12-04 16:56:28 -Multiple Spring Data modules found, entering strict repository configuration mode!
2018-12-04 16:56:28 -Bean 'org.springframework.transaction.annotation.ProxyTransactionManagementConfiguration' of type [org.springframework.transaction.annotation.ProxyTransactionManagementConfiguration$$EnhancerBySpringCGLIB$$a48ae5b5] is not eligible for getting processed by all BeanPostProcessors (for example: not eligible for auto-proxying)
2018-12-04 16:56:28 -Bean 'shiroConfig' of type [com.bootdo.system.config.ShiroConfig$$EnhancerBySpringCGLIB$$96e4145c] is not eligible for getting processed by all BeanPostProcessors (for example: not eligible for auto-proxying)
2018-12-04 16:56:29 -Bean 'userRealm' of type [com.bootdo.system.shiro.UserRealm] is not eligible for getting processed by all BeanPostProcessors (for example: not eligible for auto-proxying)
2018-12-04 16:56:29 -Bean 'cacheManager2' of type [net.sf.ehcache.CacheManager] is not eligible for getting processed by all BeanPostProcessors (for example: not eligible for auto-proxying)
2018-12-04 16:56:29 -Bean 'ehCacheManager' of type [org.apache.shiro.cache.ehcache.EhCacheManager] is not eligible for getting processed by all BeanPostProcessors (for example: not eligible for auto-proxying)
2018-12-04 16:56:29 -Cache with name 'com.bootdo.system.shiro.UserRealm.authorizationCache' does not yet exist.  Creating now.
2018-12-04 16:56:29 -Added EhCache named [com.bootdo.system.shiro.UserRealm.authorizationCache]
2018-12-04 16:56:29 -Bean 'sessionDAO' of type [org.apache.shiro.session.mgt.eis.MemorySessionDAO] is not eligible for getting processed by all BeanPostProcessors (for example: not eligible for auto-proxying)
2018-12-04 16:56:29 -Bean 'sessionManager' of type [org.apache.shiro.web.session.mgt.DefaultWebSessionManager] is not eligible for getting processed by all BeanPostProcessors (for example: not eligible for auto-proxying)
2018-12-04 16:56:29 -Bean 'securityManager' of type [org.apache.shiro.web.mgt.DefaultWebSecurityManager] is not eligible for getting processed by all BeanPostProcessors (for example: not eligible for auto-proxying)
2018-12-04 16:56:29 -Bean 'authorizationAttributeSourceAdvisor' of type [org.apache.shiro.spring.security.interceptor.AuthorizationAttributeSourceAdvisor] is not eligible for getting processed by all BeanPostProcessors (for example: not eligible for auto-proxying)
2018-12-04 16:56:30 -Tomcat initialized with port(s): 80 (http)
2018-12-04 16:56:30 -Initializing ProtocolHandler ["http-nio-80"]
2018-12-04 16:56:30 -Starting service [Tomcat]
2018-12-04 16:56:30 -Starting Servlet Engine: Apache Tomcat/8.5.31
2018-12-04 16:56:30 -The APR based Apache Tomcat Native library which allows optimal performance in production environments was not found on the java.library.path: [E:\java\jdk1.8\bin;C:\WINDOWS\Sun\Java\bin;C:\WINDOWS\system32;C:\WINDOWS;E:\java\jdk1.8\bin;C:\ProgramData\Oracle\Java\javapath;C:\Windows\system32;C:\Windows;C:\Windows\System32\Wbem;C:\Windows\System32\WindowsPowerShell\v1.0\;C:\Program Files (x86)\NVIDIA Corporation\PhysX\Common;D:\TortoiseGit\bin;C:\Program Files\MySQL\MySQL Utilities 1.6\;E:\apache-maven-3.5.2-bin\apache-maven-3.5.2\bin;C:\WINDOWS\system32;C:\WINDOWS;C:\WINDOWS\System32\Wbem;C:\WINDOWS\System32\WindowsPowerShell\v1.0\;C:\WINDOWS\System32\OpenSSH\;E:\TortoiseSVN\bin;%CATALINA_HOME%\bin;E:\java\jdk1.8\bin;C:\ProgramData\Oracle\Java\javapath;C:\Windows\system32;C:\Windows;C:\Windows\System32\Wbem;C:\Windows\System32\WindowsPowerShell\v1.0\;C:\Program Files (x86)\NVIDIA Corporation\PhysX\Common;D:\Git\cmd;D:\Git\mingw64\bin;D:\Git\usr\bin;C:\Users\Administrator\AppData\Local\Microsoft\WindowsApps;;.]
2018-12-04 16:56:30 -Initializing Spring embedded WebApplicationContext
2018-12-04 16:56:30 -Root WebApplicationContext: initialization completed in 5385 ms
2018-12-04 16:56:30 -Mapping filter: 'characterEncodingFilter' to: [/*]
2018-12-04 16:56:30 -Mapping filter: 'hiddenHttpMethodFilter' to: [/*]
2018-12-04 16:56:30 -Mapping filter: 'httpPutFormContentFilter' to: [/*]
2018-12-04 16:56:30 -Mapping filter: 'requestContextFilter' to: [/*]
2018-12-04 16:56:30 -Filter xssFilter was not registered (disabled)
2018-12-04 16:56:30 -Mapping filter: 'webStatFilter' to urls: [/*]
2018-12-04 16:56:30 -Mapping filter: 'shiroFilterFactoryBean' to: [/*]
2018-12-04 16:56:30 -Servlet statViewServlet mapped to [/druid/*]
2018-12-04 16:56:30 -Servlet dispatcherServlet mapped to [/]
2018-12-04 16:56:31 -{dataSource-1} inited
2018-12-04 16:56:32 -ProcessEngine default created
2018-12-04 16:56:33 -ApplicationContext registed-->org.springframework.boot.web.servlet.context.AnnotationConfigServletWebServerApplicationContext@1de5f259: startup date [Tue Dec 04 16:56:24 CST 2018]; root of context hierarchy
2018-12-04 16:56:33 -Using default implementation for ThreadExecutor
2018-12-04 16:56:33 -Initialized Scheduler Signaller of type: class org.quartz.core.SchedulerSignalerImpl
2018-12-04 16:56:33 -Quartz Scheduler v.2.2.1 created.
2018-12-04 16:56:33 -RAMJobStore initialized.
2018-12-04 16:56:33 -Scheduler meta-data: Quartz Scheduler (v2.2.1) 'schedulerFactoryBean' with instanceId 'NON_CLUSTERED'
  Scheduler class: 'org.quartz.core.QuartzScheduler' - running locally.
  NOT STARTED.
  Currently in standby mode.
  Number of jobs executed: 0
  Using thread pool 'org.quartz.simpl.SimpleThreadPool' - with 10 threads.
  Using job-store 'org.quartz.simpl.RAMJobStore' - which does not support persistence. and is not clustered.

2018-12-04 16:56:33 -Quartz scheduler 'schedulerFactoryBean' initialized from an externally provided properties instance.
2018-12-04 16:56:33 -Quartz scheduler version: 2.2.1
2018-12-04 16:56:33 -JobFactory set to: com.bootdo.common.quartz.factory.JobFactory@64fdcf99
2018-12-04 16:56:33 -Initializing ExecutorService  'clientInboundChannelExecutor'
2018-12-04 16:56:33 -Initializing ExecutorService  'clientOutboundChannelExecutor'
2018-12-04 16:56:34 -Mapped "{[/activiti/model/{id}],methods=[DELETE]}" onto public com.bootdo.common.utils.R com.bootdo.activiti.controller.ModelController.remove(java.lang.String)
2018-12-04 16:56:34 -Mapped "{[/activiti/model/list],methods=[GET]}" onto com.bootdo.common.utils.PageUtils com.bootdo.activiti.controller.ModelController.list(int,int)
2018-12-04 16:56:34 -Mapped "{[/activiti/model/batchRemove],methods=[POST]}" onto public com.bootdo.common.utils.R com.bootdo.activiti.controller.ModelController.batchRemove(java.lang.String[])
2018-12-04 16:56:34 -Mapped "{[/activiti/model],methods=[GET]}" onto org.springframework.web.servlet.ModelAndView com.bootdo.activiti.controller.ModelController.model()
2018-12-04 16:56:34 -Mapped "{[/activiti/model/{modelId}/save],methods=[PUT]}" onto public void com.bootdo.activiti.controller.ModelController.saveModel(java.lang.String,java.lang.String,java.lang.String,java.lang.String,java.lang.String)
2018-12-04 16:56:34 -Mapped "{[/activiti/model/add]}" onto public void com.bootdo.activiti.controller.ModelController.newModel(javax.servlet.http.HttpServletResponse) throws java.io.UnsupportedEncodingException
2018-12-04 16:56:34 -Mapped "{[/activiti/editor/stencilset],methods=[GET],produces=[application/json;charset=utf-8]}" onto public java.lang.String com.bootdo.activiti.controller.ModelController.getStencilset()
2018-12-04 16:56:34 -Mapped "{[/activiti/model/{modelId}/json],methods=[GET]}" onto public com.fasterxml.jackson.databind.node.ObjectNode com.bootdo.activiti.controller.ModelController.getEditorJson(java.lang.String)
2018-12-04 16:56:34 -Mapped "{[/activiti/model/edit/{id}],methods=[GET]}" onto public void com.bootdo.activiti.controller.ModelController.edit(javax.servlet.http.HttpServletResponse,java.lang.String)
2018-12-04 16:56:34 -Mapped "{[/activiti/model/export/{id}],methods=[GET]}" onto public void com.bootdo.activiti.controller.ModelController.exportToXml(java.lang.String,javax.servlet.http.HttpServletResponse)
2018-12-04 16:56:34 -Mapped "{[/activiti/model/deploy/{id}],methods=[POST]}" onto public com.bootdo.common.utils.R com.bootdo.activiti.controller.ModelController.deploy(java.lang.String) throws java.lang.Exception
2018-12-04 16:56:34 -Mapped "{[/activiti/process/add],methods=[GET]}" onto public org.springframework.web.servlet.ModelAndView com.bootdo.activiti.controller.ProcessController.add()
2018-12-04 16:56:34 -Mapped "{[/activiti/process/remove],methods=[POST]}" onto public com.bootdo.common.utils.R com.bootdo.activiti.controller.ProcessController.remove(java.lang.String)
2018-12-04 16:56:34 -Mapped "{[/activiti/process/list],methods=[GET]}" onto com.bootdo.common.utils.PageUtils com.bootdo.activiti.controller.ProcessController.list(int,int)
2018-12-04 16:56:34 -Mapped "{[/activiti/process/batchRemove],methods=[POST]}" onto public com.bootdo.common.utils.R com.bootdo.activiti.controller.ProcessController.batchRemove(java.lang.String[])
2018-12-04 16:56:34 -Mapped "{[/activiti/process],methods=[GET]}" onto org.springframework.web.servlet.ModelAndView com.bootdo.activiti.controller.ProcessController.process()
2018-12-04 16:56:34 -Mapped "{[/activiti/process/save],methods=[POST]}" onto public com.bootdo.common.utils.R com.bootdo.activiti.controller.ProcessController.deploy(java.lang.String,java.lang.String,org.springframework.web.multipart.MultipartFile)
2018-12-04 16:56:34 -Mapped "{[/activiti/process/resource/read/{xml}/{id}]}" onto public void com.bootdo.activiti.controller.ProcessController.resourceRead(java.lang.String,java.lang.String,javax.servlet.http.HttpServletResponse) throws java.lang.Exception
2018-12-04 16:56:34 -Mapped "{[/activiti/process/convertToModel/{procDefId}]}" onto public com.bootdo.common.utils.R com.bootdo.activiti.controller.ProcessController.convertToModel(java.lang.String,org.springframework.web.servlet.mvc.support.RedirectAttributes) throws java.io.UnsupportedEncodingException,javax.xml.stream.XMLStreamException
2018-12-04 16:56:34 -Mapped "{[/act/salary/form],methods=[GET]}" onto java.lang.String com.bootdo.activiti.controller.SalaryController.add()
2018-12-04 16:56:34 -Mapped "{[/act/salary/remove],methods=[POST]}" onto public com.bootdo.common.utils.R com.bootdo.activiti.controller.SalaryController.remove(java.lang.String)
2018-12-04 16:56:34 -Mapped "{[/act/salary/batchRemove],methods=[POST]}" onto public com.bootdo.common.utils.R com.bootdo.activiti.controller.SalaryController.remove(java.lang.String[])
2018-12-04 16:56:34 -Mapped "{[/act/salary/update]}" onto public com.bootdo.common.utils.R com.bootdo.activiti.controller.SalaryController.update(com.bootdo.activiti.domain.SalaryDO)
2018-12-04 16:56:34 -Mapped "{[/act/salary/list],methods=[GET]}" onto public com.bootdo.common.utils.PageUtils com.bootdo.activiti.controller.SalaryController.list(java.util.Map<java.lang.String, java.lang.Object>)
2018-12-04 16:56:34 -Mapped "{[/act/salary/form/{taskId}],methods=[GET]}" onto java.lang.String com.bootdo.activiti.controller.SalaryController.edit(java.lang.String,org.springframework.ui.Model)
2018-12-04 16:56:34 -Mapped "{[/act/salary],methods=[GET]}" onto java.lang.String com.bootdo.activiti.controller.SalaryController.Salary()
2018-12-04 16:56:34 -Mapped "{[/act/salary/save],methods=[POST]}" onto public com.bootdo.common.utils.R com.bootdo.activiti.controller.SalaryController.saveOrUpdate(com.bootdo.activiti.domain.SalaryDO)
2018-12-04 16:56:34 -Mapped "{[/activiti/task/form/{procDefId}/{taskId}],methods=[GET]}" onto public void com.bootdo.activiti.controller.TaskController.form(java.lang.String,java.lang.String,javax.servlet.http.HttpServletResponse) throws java.io.IOException
2018-12-04 16:56:34 -Mapped "{[/activiti/task/gotoList],methods=[GET]}" onto com.bootdo.common.utils.PageUtils com.bootdo.activiti.controller.TaskController.list(int,int)
2018-12-04 16:56:34 -Mapped "{[/activiti/task/todoList],methods=[GET]}" onto java.util.List<com.bootdo.activiti.vo.TaskVO> com.bootdo.activiti.controller.TaskController.todoList()
2018-12-04 16:56:34 -Mapped "{[/activiti/task/trace/photo/{procDefId}/{execId}]}" onto public void com.bootdo.activiti.controller.TaskController.tracePhoto(java.lang.String,java.lang.String,javax.servlet.http.HttpServletResponse) throws java.lang.Exception
2018-12-04 16:56:34 -Mapped "{[/activiti/task/todo],methods=[GET]}" onto org.springframework.web.servlet.ModelAndView com.bootdo.activiti.controller.TaskController.todo()
2018-12-04 16:56:34 -Mapped "{[/activiti/task/goto],methods=[GET]}" onto public org.springframework.web.servlet.ModelAndView com.bootdo.activiti.controller.TaskController.gotoTask()
2018-12-04 16:56:34 -Mapped "{[/activiti/task/form/{procDefId}],methods=[GET]}" onto public void com.bootdo.activiti.controller.TaskController.startForm(java.lang.String,javax.servlet.http.HttpServletResponse) throws java.io.IOException
2018-12-04 16:56:34 -Mapped "{[/blog/open/list],methods=[GET]}" onto public com.bootdo.common.utils.PageUtils com.bootdo.blog.controller.BlogController.opentList(java.util.Map<java.lang.String, java.lang.Object>)
2018-12-04 16:56:34 -Mapped "{[/blog/open/page/{categories}],methods=[GET]}" onto java.lang.String com.bootdo.blog.controller.BlogController.about(java.lang.String,org.springframework.ui.Model)
2018-12-04 16:56:34 -Mapped "{[/blog],methods=[GET]}" onto java.lang.String com.bootdo.blog.controller.BlogController.blog()
2018-12-04 16:56:34 -Mapped "{[/blog/open/post/{cid}],methods=[GET]}" onto java.lang.String com.bootdo.blog.controller.BlogController.post(java.lang.Long,org.springframework.ui.Model)
2018-12-04 16:56:34 -Mapped "{[/blog/bContent/add],methods=[GET]}" onto java.lang.String com.bootdo.blog.controller.ContentController.add()
2018-12-04 16:56:34 -Mapped "{[/blog/bContent/remove],methods=[POST]}" onto public com.bootdo.common.utils.R com.bootdo.blog.controller.ContentController.remove(java.lang.Long)
2018-12-04 16:56:34 -Mapped "{[/blog/bContent/batchRemove],methods=[POST]}" onto public com.bootdo.common.utils.R com.bootdo.blog.controller.ContentController.remove(java.lang.Long[])
2018-12-04 16:56:34 -Mapped "{[/blog/bContent/update]}" onto public com.bootdo.common.utils.R com.bootdo.blog.controller.ContentController.update(com.bootdo.blog.domain.ContentDO)
2018-12-04 16:56:34 -Mapped "{[/blog/bContent/list],methods=[GET]}" onto public com.bootdo.common.utils.PageUtils com.bootdo.blog.controller.ContentController.list(java.util.Map<java.lang.String, java.lang.Object>)
2018-12-04 16:56:34 -Mapped "{[/blog/bContent/save],methods=[POST]}" onto public com.bootdo.common.utils.R com.bootdo.blog.controller.ContentController.save(com.bootdo.blog.domain.ContentDO)
2018-12-04 16:56:34 -Mapped "{[/blog/bContent],methods=[GET]}" onto java.lang.String com.bootdo.blog.controller.ContentController.bContent()
2018-12-04 16:56:34 -Mapped "{[/blog/bContent/edit/{cid}],methods=[GET]}" onto java.lang.String com.bootdo.blog.controller.ContentController.edit(java.lang.Long,org.springframework.ui.Model)
2018-12-04 16:56:34 -Mapped "{[/common/dict/add],methods=[GET]}" onto java.lang.String com.bootdo.common.controller.DictController.add()
2018-12-04 16:56:34 -Mapped "{[/common/dict/remove],methods=[POST]}" onto public com.bootdo.common.utils.R com.bootdo.common.controller.DictController.remove(java.lang.Long)
2018-12-04 16:56:34 -Mapped "{[/common/dict/batchRemove],methods=[POST]}" onto public com.bootdo.common.utils.R com.bootdo.common.controller.DictController.remove(java.lang.Long[])
2018-12-04 16:56:34 -Mapped "{[/common/dict/update]}" onto public com.bootdo.common.utils.R com.bootdo.common.controller.DictController.update(com.bootdo.common.domain.DictDO)
2018-12-04 16:56:34 -Mapped "{[/common/dict/list],methods=[GET]}" onto public com.bootdo.common.utils.PageUtils com.bootdo.common.controller.DictController.list(java.util.Map<java.lang.String, java.lang.Object>)
2018-12-04 16:56:34 -Mapped "{[/common/dict/save],methods=[POST]}" onto public com.bootdo.common.utils.R com.bootdo.common.controller.DictController.save(com.bootdo.common.domain.DictDO)
2018-12-04 16:56:34 -Mapped "{[/common/dict/type],methods=[GET]}" onto public java.util.List<com.bootdo.common.domain.DictDO> com.bootdo.common.controller.DictController.listType()
2018-12-04 16:56:34 -Mapped "{[/common/dict],methods=[GET]}" onto java.lang.String com.bootdo.common.controller.DictController.dict()
2018-12-04 16:56:34 -Mapped "{[/common/dict/add/{type}/{description}],methods=[GET]}" onto java.lang.String com.bootdo.common.controller.DictController.addD(org.springframework.ui.Model,java.lang.String,java.lang.String)
2018-12-04 16:56:34 -Mapped "{[/common/dict/list/{type}],methods=[GET]}" onto public java.util.List<com.bootdo.common.domain.DictDO> com.bootdo.common.controller.DictController.listByType(java.lang.String)
2018-12-04 16:56:34 -Mapped "{[/common/dict/edit/{id}],methods=[GET]}" onto java.lang.String com.bootdo.common.controller.DictController.edit(java.lang.Long,org.springframework.ui.Model)
2018-12-04 16:56:34 -Mapped "{[/common/sysFile/add],methods=[GET]}" onto java.lang.String com.bootdo.common.controller.FileController.add()
2018-12-04 16:56:34 -Mapped "{[/common/sysFile/remove],methods=[POST]}" onto public com.bootdo.common.utils.R com.bootdo.common.controller.FileController.remove(java.lang.Long,javax.servlet.http.HttpServletRequest)
2018-12-04 16:56:34 -Mapped "{[/common/sysFile/batchRemove],methods=[POST]}" onto public com.bootdo.common.utils.R com.bootdo.common.controller.FileController.remove(java.lang.Long[])
2018-12-04 16:56:34 -Mapped "{[/common/sysFile/update]}" onto public com.bootdo.common.utils.R com.bootdo.common.controller.FileController.update(com.bootdo.common.domain.FileDO)
2018-12-04 16:56:34 -Mapped "{[/common/sysFile/list],methods=[GET]}" onto public com.bootdo.common.utils.PageUtils com.bootdo.common.controller.FileController.list(java.util.Map<java.lang.String, java.lang.Object>)
2018-12-04 16:56:34 -Mapped "{[/common/sysFile/save],methods=[POST]}" onto public com.bootdo.common.utils.R com.bootdo.common.controller.FileController.save(com.bootdo.common.domain.FileDO)
2018-12-04 16:56:34 -Mapped "{[/common/sysFile/info/{id}]}" onto public com.bootdo.common.utils.R com.bootdo.common.controller.FileController.info(java.lang.Long)
2018-12-04 16:56:34 -Mapped "{[/common/sysFile/upload],methods=[POST]}" onto com.bootdo.common.utils.R com.bootdo.common.controller.FileController.upload(org.springframework.web.multipart.MultipartFile,javax.servlet.http.HttpServletRequest)
2018-12-04 16:56:34 -Mapped "{[/common/sysFile],methods=[GET]}" onto java.lang.String com.bootdo.common.controller.FileController.sysFile(org.springframework.ui.Model)
2018-12-04 16:56:34 -Mapped "{[/common/sysFile/edit],methods=[GET]}" onto java.lang.String com.bootdo.common.controller.FileController.edit(java.lang.Long,org.springframework.ui.Model)
2018-12-04 16:56:34 -Mapped "{[/common/generator/update],methods=[POST]}" onto com.bootdo.common.utils.R com.bootdo.common.controller.GeneratorController.update(java.util.Map<java.lang.String, java.lang.Object>)
2018-12-04 16:56:34 -Mapped "{[/common/generator/list],methods=[GET]}" onto java.util.List<java.util.Map<java.lang.String, java.lang.Object>> com.bootdo.common.controller.GeneratorController.list()
2018-12-04 16:56:34 -Mapped "{[/common/generator/code/{tableName}]}" onto public void com.bootdo.common.controller.GeneratorController.code(javax.servlet.http.HttpServletRequest,javax.servlet.http.HttpServletResponse,java.lang.String) throws java.io.IOException
2018-12-04 16:56:34 -Mapped "{[/common/generator],methods=[GET]}" onto java.lang.String com.bootdo.common.controller.GeneratorController.generator()
2018-12-04 16:56:34 -Mapped "{[/common/generator/batchCode]}" onto public void com.bootdo.common.controller.GeneratorController.batchCode(javax.servlet.http.HttpServletRequest,javax.servlet.http.HttpServletResponse,java.lang.String) throws java.io.IOException
2018-12-04 16:56:34 -Mapped "{[/common/generator/edit],methods=[GET]}" onto public java.lang.String com.bootdo.common.controller.GeneratorController.edit(org.springframework.ui.Model)
2018-12-04 16:56:34 -Mapped "{[/common/job/add],methods=[GET]}" onto java.lang.String com.bootdo.common.controller.JobController.add()
2018-12-04 16:56:34 -Mapped "{[/common/job/remove],methods=[POST]}" onto public com.bootdo.common.utils.R com.bootdo.common.controller.JobController.remove(java.lang.Long)
2018-12-04 16:56:34 -Mapped "{[/common/job/batchRemove],methods=[POST]}" onto public com.bootdo.common.utils.R com.bootdo.common.controller.JobController.remove(java.lang.Long[])
2018-12-04 16:56:34 -Mapped "{[/common/job/update],methods=[POST]}" onto public com.bootdo.common.utils.R com.bootdo.common.controller.JobController.update(com.bootdo.common.domain.TaskDO)
2018-12-04 16:56:34 -Mapped "{[/common/job/list],methods=[GET]}" onto public com.bootdo.common.utils.PageUtils com.bootdo.common.controller.JobController.list(java.util.Map<java.lang.String, java.lang.Object>)
2018-12-04 16:56:34 -Mapped "{[/common/job/save],methods=[POST]}" onto public com.bootdo.common.utils.R com.bootdo.common.controller.JobController.save(com.bootdo.common.domain.TaskDO)
2018-12-04 16:56:34 -Mapped "{[/common/job/info/{id}]}" onto public com.bootdo.common.utils.R com.bootdo.common.controller.JobController.info(java.lang.Long)
2018-12-04 16:56:34 -Mapped "{[/common/job/changeJobStatus],methods=[POST]}" onto public com.bootdo.common.utils.R com.bootdo.common.controller.JobController.changeJobStatus(java.lang.Long,java.lang.String)
2018-12-04 16:56:34 -Mapped "{[/common/job],methods=[GET]}" onto java.lang.String com.bootdo.common.controller.JobController.taskScheduleJob()
2018-12-04 16:56:34 -Mapped "{[/common/job/edit/{id}],methods=[GET]}" onto java.lang.String com.bootdo.common.controller.JobController.edit(java.lang.Long,org.springframework.ui.Model)
2018-12-04 16:56:34 -Mapped "{[/common/log/remove],methods=[POST]}" onto com.bootdo.common.utils.R com.bootdo.common.controller.LogController.remove(java.lang.Long)
2018-12-04 16:56:34 -Mapped "{[/common/log],methods=[GET]}" onto java.lang.String com.bootdo.common.controller.LogController.log()
2018-12-04 16:56:34 -Mapped "{[/common/log/list],methods=[GET]}" onto com.bootdo.common.domain.PageDO<com.bootdo.common.domain.LogDO> com.bootdo.common.controller.LogController.list(java.util.Map<java.lang.String, java.lang.Object>)
2018-12-04 16:56:34 -Mapped "{[/common/log/batchRemove],methods=[POST]}" onto com.bootdo.common.utils.R com.bootdo.common.controller.LogController.batchRemove(java.lang.Long[])
2018-12-04 16:56:34 -Mapped "{[/error]}" onto public com.bootdo.common.utils.R com.bootdo.common.exception.MainsiteErrorController.handleError(javax.servlet.http.HttpServletRequest,javax.servlet.http.HttpServletResponse)
2018-12-04 16:56:34 -Mapped "{[/error],produces=[text/html]}" onto public org.springframework.web.servlet.ModelAndView com.bootdo.common.exception.MainsiteErrorController.errorHtml(javax.servlet.http.HttpServletRequest,javax.servlet.http.HttpServletResponse)
2018-12-04 16:56:34 -Mapped "{[/oa/notify/add],methods=[GET]}" onto java.lang.String com.bootdo.oa.controller.NotifyController.add()
2018-12-04 16:56:34 -Mapped "{[/oa/notify/remove],methods=[POST]}" onto public com.bootdo.common.utils.R com.bootdo.oa.controller.NotifyController.remove(java.lang.Long)
2018-12-04 16:56:34 -Mapped "{[/oa/notify/batchRemove],methods=[POST]}" onto public com.bootdo.common.utils.R com.bootdo.oa.controller.NotifyController.remove(java.lang.Long[])
2018-12-04 16:56:34 -Mapped "{[/oa/notify/update]}" onto public com.bootdo.common.utils.R com.bootdo.oa.controller.NotifyController.update(com.bootdo.oa.domain.NotifyDO)
2018-12-04 16:56:34 -Mapped "{[/oa/notify/read/{id}],methods=[GET]}" onto java.lang.String com.bootdo.oa.controller.NotifyController.read(java.lang.Long,org.springframework.ui.Model)
2018-12-04 16:56:34 -Mapped "{[/oa/notify/list],methods=[GET]}" onto public com.bootdo.common.utils.PageUtils com.bootdo.oa.controller.NotifyController.list(java.util.Map<java.lang.String, java.lang.Object>)
2018-12-04 16:56:34 -Mapped "{[/oa/notify/save],methods=[POST]}" onto public com.bootdo.common.utils.R com.bootdo.oa.controller.NotifyController.save(com.bootdo.oa.domain.NotifyDO)
2018-12-04 16:56:34 -Mapped "{[/oa/notify/message],methods=[GET]}" onto com.bootdo.common.utils.PageUtils com.bootdo.oa.controller.NotifyController.message()
2018-12-04 16:56:34 -Mapped "{[/oa/notify],methods=[GET]}" onto java.lang.String com.bootdo.oa.controller.NotifyController.oaNotify()
2018-12-04 16:56:34 -Mapped "{[/oa/notify/selfNotify],methods=[GET]}" onto java.lang.String com.bootdo.oa.controller.NotifyController.selefNotify()
2018-12-04 16:56:34 -Mapped "{[/oa/notify/selfList],methods=[GET]}" onto com.bootdo.common.utils.PageUtils com.bootdo.oa.controller.NotifyController.selfList(java.util.Map<java.lang.String, java.lang.Object>)
2018-12-04 16:56:34 -Mapped "{[/oa/notify/edit/{id}],methods=[GET]}" onto java.lang.String com.bootdo.oa.controller.NotifyController.edit(java.lang.Long,org.springframework.ui.Model)
2018-12-04 16:56:34 -Mapped "{[/system/sysDept/add/{pId}],methods=[GET]}" onto java.lang.String com.bootdo.system.controller.DeptController.add(java.lang.Long,org.springframework.ui.Model)
2018-12-04 16:56:34 -Mapped "{[/system/sysDept/remove],methods=[POST]}" onto public com.bootdo.common.utils.R com.bootdo.system.controller.DeptController.remove(java.lang.Long)
2018-12-04 16:56:34 -Mapped "{[/system/sysDept/batchRemove],methods=[POST]}" onto public com.bootdo.common.utils.R com.bootdo.system.controller.DeptController.remove(java.lang.Long[])
2018-12-04 16:56:34 -Mapped "{[/system/sysDept/update]}" onto public com.bootdo.common.utils.R com.bootdo.system.controller.DeptController.update(com.bootdo.system.domain.DeptDO)
2018-12-04 16:56:34 -Mapped "{[/system/sysDept/list],methods=[GET]}" onto public java.util.List<com.bootdo.system.domain.DeptDO> com.bootdo.system.controller.DeptController.list()
2018-12-04 16:56:34 -Mapped "{[/system/sysDept/save],methods=[POST]}" onto public com.bootdo.common.utils.R com.bootdo.system.controller.DeptController.save(com.bootdo.system.domain.DeptDO)
2018-12-04 16:56:34 -Mapped "{[/system/sysDept/tree],methods=[GET]}" onto public com.bootdo.common.domain.Tree<com.bootdo.system.domain.DeptDO> com.bootdo.system.controller.DeptController.tree()
2018-12-04 16:56:34 -Mapped "{[/system/sysDept/treeView],methods=[GET]}" onto java.lang.String com.bootdo.system.controller.DeptController.treeView()
2018-12-04 16:56:34 -Mapped "{[/system/sysDept],methods=[GET]}" onto java.lang.String com.bootdo.system.controller.DeptController.dept()
2018-12-04 16:56:34 -Mapped "{[/system/sysDept/edit/{deptId}],methods=[GET]}" onto java.lang.String com.bootdo.system.controller.DeptController.edit(java.lang.Long,org.springframework.ui.Model)
2018-12-04 16:56:34 -Mapped "{[/index],methods=[GET]}" onto java.lang.String com.bootdo.system.controller.LoginController.index(org.springframework.ui.Model)
2018-12-04 16:56:34 -Mapped "{[/main],methods=[GET]}" onto java.lang.String com.bootdo.system.controller.LoginController.main()
2018-12-04 16:56:34 -Mapped "{[/login],methods=[GET]}" onto java.lang.String com.bootdo.system.controller.LoginController.login()
2018-12-04 16:56:34 -Mapped "{[/ || ],methods=[GET]}" onto java.lang.String com.bootdo.system.controller.LoginController.welcome(org.springframework.ui.Model)
2018-12-04 16:56:34 -Mapped "{[/logout],methods=[GET]}" onto java.lang.String com.bootdo.system.controller.LoginController.logout()
2018-12-04 16:56:34 -Mapped "{[/login],methods=[POST]}" onto com.bootdo.common.utils.R com.bootdo.system.controller.LoginController.ajaxLogin(java.lang.String,java.lang.String)
2018-12-04 16:56:34 -Mapped "{[/sys/menu/add/{pId}],methods=[GET]}" onto java.lang.String com.bootdo.system.controller.MenuController.add(org.springframework.ui.Model,java.lang.Long)
2018-12-04 16:56:34 -Mapped "{[/sys/menu/remove],methods=[POST]}" onto com.bootdo.common.utils.R com.bootdo.system.controller.MenuController.remove(java.lang.Long)
2018-12-04 16:56:34 -Mapped "{[/sys/menu/update],methods=[POST]}" onto com.bootdo.common.utils.R com.bootdo.system.controller.MenuController.update(com.bootdo.system.domain.MenuDO)
2018-12-04 16:56:34 -Mapped "{[/sys/menu/list]}" onto java.util.List<com.bootdo.system.domain.MenuDO> com.bootdo.system.controller.MenuController.list(java.util.Map<java.lang.String, java.lang.Object>)
2018-12-04 16:56:34 -Mapped "{[/sys/menu/save],methods=[POST]}" onto com.bootdo.common.utils.R com.bootdo.system.controller.MenuController.save(com.bootdo.system.domain.MenuDO)
2018-12-04 16:56:34 -Mapped "{[/sys/menu/tree/{roleId}],methods=[GET]}" onto com.bootdo.common.domain.Tree<com.bootdo.system.domain.MenuDO> com.bootdo.system.controller.MenuController.tree(java.lang.Long)
2018-12-04 16:56:34 -Mapped "{[/sys/menu/tree],methods=[GET]}" onto com.bootdo.common.domain.Tree<com.bootdo.system.domain.MenuDO> com.bootdo.system.controller.MenuController.tree()
2018-12-04 16:56:34 -Mapped "{[/sys/menu],methods=[GET]}" onto java.lang.String com.bootdo.system.controller.MenuController.menu(org.springframework.ui.Model)
2018-12-04 16:56:34 -Mapped "{[/sys/menu/edit/{id}],methods=[GET]}" onto java.lang.String com.bootdo.system.controller.MenuController.edit(org.springframework.ui.Model,java.lang.Long)
2018-12-04 16:56:34 -Mapped "{[/sys/role/add],methods=[GET]}" onto java.lang.String com.bootdo.system.controller.RoleController.add()
2018-12-04 16:56:34 -Mapped "{[/sys/role/update],methods=[POST]}" onto com.bootdo.common.utils.R com.bootdo.system.controller.RoleController.update(com.bootdo.system.domain.RoleDO)
2018-12-04 16:56:34 -Mapped "{[/sys/role/list],methods=[GET]}" onto java.util.List<com.bootdo.system.domain.RoleDO> com.bootdo.system.controller.RoleController.list()
2018-12-04 16:56:34 -Mapped "{[/sys/role/remove],methods=[POST]}" onto com.bootdo.common.utils.R com.bootdo.system.controller.RoleController.save(java.lang.Long)
2018-12-04 16:56:34 -Mapped "{[/sys/role/save],methods=[POST]}" onto com.bootdo.common.utils.R com.bootdo.system.controller.RoleController.save(com.bootdo.system.domain.RoleDO)
2018-12-04 16:56:34 -Mapped "{[/sys/role/batchRemove],methods=[POST]}" onto com.bootdo.common.utils.R com.bootdo.system.controller.RoleController.batchRemove(java.lang.Long[])
2018-12-04 16:56:34 -Mapped "{[/sys/role],methods=[GET]}" onto java.lang.String com.bootdo.system.controller.RoleController.role()
2018-12-04 16:56:34 -Mapped "{[/sys/role/edit/{id}],methods=[GET]}" onto java.lang.String com.bootdo.system.controller.RoleController.edit(java.lang.Long,org.springframework.ui.Model)
2018-12-04 16:56:34 -Mapped "{[/sys/online/list]}" onto public java.util.List<com.bootdo.system.domain.UserOnline> com.bootdo.system.controller.SessionController.list()
2018-12-04 16:56:34 -Mapped "{[/sys/online/sessionList]}" onto public java.util.Collection<org.apache.shiro.session.Session> com.bootdo.system.controller.SessionController.sessionList()
2018-12-04 16:56:34 -Mapped "{[/sys/online/forceLogout/{sessionId}]}" onto public com.bootdo.common.utils.R com.bootdo.system.controller.SessionController.forceLogout(java.lang.String,org.springframework.web.servlet.mvc.support.RedirectAttributes)
2018-12-04 16:56:34 -Mapped "{[/sys/online],methods=[GET]}" onto public java.lang.String com.bootdo.system.controller.SessionController.online()
2018-12-04 16:56:34 -Mapped "{[/sys/user/exit],methods=[POST]}" onto boolean com.bootdo.system.controller.UserController.exit(java.util.Map<java.lang.String, java.lang.Object>)
2018-12-04 16:56:34 -Mapped "{[/sys/user/add],methods=[GET]}" onto java.lang.String com.bootdo.system.controller.UserController.add(org.springframework.ui.Model)
2018-12-04 16:56:34 -Mapped "{[/sys/user/remove],methods=[POST]}" onto com.bootdo.common.utils.R com.bootdo.system.controller.UserController.remove(java.lang.Long)
2018-12-04 16:56:34 -Mapped "{[/sys/user/update],methods=[POST]}" onto com.bootdo.common.utils.R com.bootdo.system.controller.UserController.update(com.bootdo.system.domain.UserDO)
2018-12-04 16:56:34 -Mapped "{[/sys/user/list],methods=[GET]}" onto com.bootdo.common.utils.PageUtils com.bootdo.system.controller.UserController.list(java.util.Map<java.lang.String, java.lang.Object>)
2018-12-04 16:56:34 -Mapped "{[/sys/user/save],methods=[POST]}" onto com.bootdo.common.utils.R com.bootdo.system.controller.UserController.save(com.bootdo.system.domain.UserDO)
2018-12-04 16:56:34 -Mapped "{[/sys/user/batchRemove],methods=[POST]}" onto com.bootdo.common.utils.R com.bootdo.system.controller.UserController.batchRemove(java.lang.Long[])
2018-12-04 16:56:34 -Mapped "{[/sys/user/tree],methods=[GET]}" onto public com.bootdo.common.domain.Tree<com.bootdo.system.domain.DeptDO> com.bootdo.system.controller.UserController.tree()
2018-12-04 16:56:34 -Mapped "{[/sys/user],methods=[GET]}" onto java.lang.String com.bootdo.system.controller.UserController.user(org.springframework.ui.Model)
2018-12-04 16:56:34 -Mapped "{[/sys/user/treeView],methods=[GET]}" onto java.lang.String com.bootdo.system.controller.UserController.treeView()
2018-12-04 16:56:34 -Mapped "{[/sys/user/updatePeronal],methods=[POST]}" onto com.bootdo.common.utils.R com.bootdo.system.controller.UserController.updatePeronal(com.bootdo.system.domain.UserDO)
2018-12-04 16:56:34 -Mapped "{[/sys/user/edit/{id}],methods=[GET]}" onto java.lang.String com.bootdo.system.controller.UserController.edit(org.springframework.ui.Model,java.lang.Long)
2018-12-04 16:56:34 -Mapped "{[/sys/user/adminResetPwd],methods=[POST]}" onto com.bootdo.common.utils.R com.bootdo.system.controller.UserController.adminResetPwd(com.bootdo.system.vo.UserVO)
2018-12-04 16:56:34 -Mapped "{[/sys/user/personal],methods=[GET]}" onto java.lang.String com.bootdo.system.controller.UserController.personal(org.springframework.ui.Model)
2018-12-04 16:56:34 -Mapped "{[/sys/user/resetPwd],methods=[POST]}" onto com.bootdo.common.utils.R com.bootdo.system.controller.UserController.resetPwd(com.bootdo.system.vo.UserVO)
2018-12-04 16:56:34 -Mapped "{[/sys/user/resetPwd/{id}],methods=[GET]}" onto java.lang.String com.bootdo.system.controller.UserController.resetPwd(java.lang.Long,org.springframework.ui.Model)
2018-12-04 16:56:34 -Mapped "{[/sys/user/uploadImg],methods=[POST]}" onto com.bootdo.common.utils.R com.bootdo.system.controller.UserController.uploadImg(org.springframework.web.multipart.MultipartFile,java.lang.String,javax.servlet.http.HttpServletRequest)
2018-12-04 16:56:34 -Mapped "{[/v2/api-docs],methods=[GET],produces=[application/json || application/hal+json]}" onto public org.springframework.http.ResponseEntity<springfox.documentation.spring.web.json.Json> springfox.documentation.swagger2.web.Swagger2Controller.getDocumentation(java.lang.String,javax.servlet.http.HttpServletRequest)
2018-12-04 16:56:34 -Mapped "{[/swagger-resources/configuration/security]}" onto org.springframework.http.ResponseEntity<springfox.documentation.swagger.web.SecurityConfiguration> springfox.documentation.swagger.web.ApiResourceController.securityConfiguration()
2018-12-04 16:56:34 -Mapped "{[/swagger-resources/configuration/ui]}" onto org.springframework.http.ResponseEntity<springfox.documentation.swagger.web.UiConfiguration> springfox.documentation.swagger.web.ApiResourceController.uiConfiguration()
2018-12-04 16:56:34 -Mapped "{[/swagger-resources]}" onto org.springframework.http.ResponseEntity<java.util.List<springfox.documentation.swagger.web.SwaggerResource>> springfox.documentation.swagger.web.ApiResourceController.swaggerResources()
2018-12-04 16:56:34 -Initializing ExecutorService  'messageBrokerTaskScheduler'
2018-12-04 16:56:34 -Mapped URL path [/endpointChat/**] onto handler of type [class org.springframework.web.socket.sockjs.support.SockJsHttpRequestHandler]
2018-12-04 16:56:34 -Initializing ExecutorService  'brokerChannelExecutor'
2018-12-04 16:56:35 -Mapped URL path [/**/favicon.ico] onto handler of type [class org.springframework.web.servlet.resource.ResourceHttpRequestHandler]
2018-12-04 16:56:35 -Looking for @ControllerAdvice: org.springframework.boot.web.servlet.context.AnnotationConfigServletWebServerApplicationContext@1de5f259: startup date [Tue Dec 04 16:56:24 CST 2018]; root of context hierarchy
2018-12-04 16:56:35 -Mapped URL path [/webjars/**] onto handler of type [class org.springframework.web.servlet.resource.ResourceHttpRequestHandler]
2018-12-04 16:56:35 -Mapped URL path [/**] onto handler of type [class org.springframework.web.servlet.resource.ResourceHttpRequestHandler]
2018-12-04 16:56:35 -Mapped URL path [/files/**] onto handler of type [class org.springframework.web.servlet.resource.ResourceHttpRequestHandler]
2018-12-04 16:56:35 -Detected @ExceptionHandler methods in BDExceptionHandler
2018-12-04 16:56:35 -[THYMELEAF][main] Template Mode 'LEGACYHTML5' is deprecated. Using Template Mode 'HTML' instead.
2018-12-04 16:56:36 -Registering beans for JMX exposure on startup
2018-12-04 16:56:36 -Bean with name 'dataSource' has been autodetected for JMX exposure
2018-12-04 16:56:36 -Located MBean 'dataSource': registering with JMX server as MBean [com.alibaba.druid.pool:name=dataSource,type=DruidDataSource]
2018-12-04 16:56:36 -Starting beans in phase 2147483647
2018-12-04 16:56:36 -Context refreshed
2018-12-04 16:56:36 -Found 1 custom documentation plugin(s)
2018-12-04 16:56:36 -Scanning for api listing references
2018-12-04 16:56:36 -Generating unique operation named: removeUsingPOST_1
2018-12-04 16:56:36 -Generating unique operation named: addUsingGET_1
2018-12-04 16:56:36 -Generating unique operation named: editUsingGET_1
2018-12-04 16:56:36 -Generating unique operation named: listUsingGET_1
2018-12-04 16:56:36 -Generating unique operation named: removeUsingPOST_2
2018-12-04 16:56:36 -Generating unique operation named: removeUsingPOST_3
2018-12-04 16:56:36 -Generating unique operation named: saveUsingPOST_1
2018-12-04 16:56:36 -Generating unique operation named: updateUsingGET_1
2018-12-04 16:56:36 -Generating unique operation named: updateUsingHEAD_1
2018-12-04 16:56:36 -Generating unique operation named: updateUsingPOST_1
2018-12-04 16:56:36 -Generating unique operation named: updateUsingPUT_1
2018-12-04 16:56:36 -Generating unique operation named: updateUsingPATCH_1
2018-12-04 16:56:36 -Generating unique operation named: updateUsingDELETE_1
2018-12-04 16:56:36 -Generating unique operation named: updateUsingOPTIONS_1
2018-12-04 16:56:36 -Generating unique operation named: updateUsingTRACE_1
2018-12-04 16:56:36 -Generating unique operation named: addUsingGET_2
2018-12-04 16:56:36 -Generating unique operation named: editUsingGET_2
2018-12-04 16:56:36 -Generating unique operation named: listUsingGET_2
2018-12-04 16:56:36 -Generating unique operation named: removeUsingPOST_4
2018-12-04 16:56:36 -Generating unique operation named: removeUsingPOST_5
2018-12-04 16:56:36 -Generating unique operation named: saveUsingPOST_2
2018-12-04 16:56:36 -Generating unique operation named: updateUsingGET_2
2018-12-04 16:56:36 -Generating unique operation named: updateUsingHEAD_2
2018-12-04 16:56:36 -Generating unique operation named: updateUsingPOST_2
2018-12-04 16:56:36 -Generating unique operation named: updateUsingPUT_2
2018-12-04 16:56:36 -Generating unique operation named: updateUsingPATCH_2
2018-12-04 16:56:36 -Generating unique operation named: updateUsingDELETE_2
2018-12-04 16:56:36 -Generating unique operation named: updateUsingOPTIONS_2
2018-12-04 16:56:36 -Generating unique operation named: updateUsingTRACE_2
2018-12-04 16:56:36 -Generating unique operation named: addUsingGET_3
2018-12-04 16:56:36 -Generating unique operation named: editUsingGET_3
2018-12-04 16:56:37 -Generating unique operation named: listUsingGET_3
2018-12-04 16:56:37 -Generating unique operation named: removeUsingPOST_6
2018-12-04 16:56:37 -Generating unique operation named: removeUsingPOST_7
2018-12-04 16:56:37 -Generating unique operation named: saveUsingPOST_3
2018-12-04 16:56:37 -Generating unique operation named: updateUsingGET_3
2018-12-04 16:56:37 -Generating unique operation named: updateUsingHEAD_3
2018-12-04 16:56:37 -Generating unique operation named: updateUsingPOST_3
2018-12-04 16:56:37 -Generating unique operation named: updateUsingPUT_3
2018-12-04 16:56:37 -Generating unique operation named: updateUsingPATCH_3
2018-12-04 16:56:37 -Generating unique operation named: updateUsingDELETE_3
2018-12-04 16:56:37 -Generating unique operation named: updateUsingOPTIONS_3
2018-12-04 16:56:37 -Generating unique operation named: updateUsingTRACE_3
2018-12-04 16:56:37 -Generating unique operation named: editUsingGET_4
2018-12-04 16:56:37 -Generating unique operation named: listUsingGET_4
2018-12-04 16:56:37 -Generating unique operation named: updateUsingPOST_4
2018-12-04 16:56:37 -Generating unique operation named: addUsingGET_4
2018-12-04 16:56:37 -Generating unique operation named: editUsingGET_5
2018-12-04 16:56:37 -Generating unique operation named: infoUsingGET_1
2018-12-04 16:56:37 -Generating unique operation named: infoUsingHEAD_1
2018-12-04 16:56:37 -Generating unique operation named: infoUsingPOST_1
2018-12-04 16:56:37 -Generating unique operation named: infoUsingPUT_1
2018-12-04 16:56:37 -Generating unique operation named: infoUsingPATCH_1
2018-12-04 16:56:37 -Generating unique operation named: infoUsingDELETE_1
2018-12-04 16:56:37 -Generating unique operation named: infoUsingOPTIONS_1
2018-12-04 16:56:37 -Generating unique operation named: infoUsingTRACE_1
2018-12-04 16:56:37 -Generating unique operation named: listUsingGET_5
2018-12-04 16:56:37 -Generating unique operation named: removeUsingPOST_8
2018-12-04 16:56:37 -Generating unique operation named: removeUsingPOST_9
2018-12-04 16:56:37 -Generating unique operation named: saveUsingPOST_4
2018-12-04 16:56:37 -Generating unique operation named: updateUsingPOST_5
2018-12-04 16:56:37 -Generating unique operation named: listUsingGET_6
2018-12-04 16:56:37 -Generating unique operation named: removeUsingPOST_10
2018-12-04 16:56:37 -Generating unique operation named: welcomeUsingGET_1
2018-12-04 16:56:37 -Generating unique operation named: addUsingGET_5
2018-12-04 16:56:37 -Generating unique operation named: editUsingGET_6
2018-12-04 16:56:37 -Generating unique operation named: listUsingGET_7
2018-12-04 16:56:37 -Generating unique operation named: removeUsingPOST_11
2018-12-04 16:56:37 -Generating unique operation named: saveUsingPOST_5
2018-12-04 16:56:37 -Generating unique operation named: treeUsingGET_1
2018-12-04 16:56:37 -Generating unique operation named: treeUsingGET_2
2018-12-04 16:56:37 -Generating unique operation named: updateUsingPOST_6
2018-12-04 16:56:37 -Generating unique operation named: batchRemoveUsingPOST_1
2018-12-04 16:56:37 -Generating unique operation named: editUsingGET_7
2018-12-04 16:56:37 -Generating unique operation named: listUsingGET_8
2018-12-04 16:56:37 -Generating unique operation named: addUsingGET_6
2018-12-04 16:56:37 -Generating unique operation named: editUsingGET_8
2018-12-04 16:56:37 -Generating unique operation named: listUsingGET_9
2018-12-04 16:56:37 -Generating unique operation named: removeUsingPOST_12
2018-12-04 16:56:37 -Generating unique operation named: removeUsingPOST_13
2018-12-04 16:56:37 -Generating unique operation named: saveUsingPOST_6
2018-12-04 16:56:37 -Generating unique operation named: updateUsingGET_4
2018-12-04 16:56:37 -Generating unique operation named: updateUsingHEAD_4
2018-12-04 16:56:37 -Generating unique operation named: updateUsingPOST_7
2018-12-04 16:56:37 -Generating unique operation named: updateUsingPUT_4
2018-12-04 16:56:37 -Generating unique operation named: updateUsingPATCH_4
2018-12-04 16:56:37 -Generating unique operation named: updateUsingDELETE_4
2018-12-04 16:56:37 -Generating unique operation named: updateUsingOPTIONS_4
2018-12-04 16:56:37 -Generating unique operation named: updateUsingTRACE_4
2018-12-04 16:56:37 -Generating unique operation named: addUsingGET_7
2018-12-04 16:56:37 -Generating unique operation named: batchRemoveUsingPOST_2
2018-12-04 16:56:37 -Generating unique operation named: deployUsingPOST_1
2018-12-04 16:56:37 -Generating unique operation named: listUsingGET_10
2018-12-04 16:56:37 -Generating unique operation named: removeUsingPOST_14
2018-12-04 16:56:37 -Generating unique operation named: addUsingGET_8
2018-12-04 16:56:37 -Generating unique operation named: batchRemoveUsingPOST_3
2018-12-04 16:56:37 -Generating unique operation named: editUsingGET_9
2018-12-04 16:56:37 -Generating unique operation named: listUsingGET_11
2018-12-04 16:56:37 -Generating unique operation named: saveUsingPOST_7
2018-12-04 16:56:37 -Generating unique operation named: saveUsingPOST_8
2018-12-04 16:56:37 -Generating unique operation named: updateUsingPOST_8
2018-12-04 16:56:37 -Generating unique operation named: addUsingGET_9
2018-12-04 16:56:37 -Generating unique operation named: editUsingGET_10
2018-12-04 16:56:37 -Generating unique operation named: listUsingGET_12
2018-12-04 16:56:37 -Generating unique operation named: removeUsingPOST_15
2018-12-04 16:56:37 -Generating unique operation named: removeUsingPOST_16
2018-12-04 16:56:37 -Generating unique operation named: updateUsingGET_5
2018-12-04 16:56:37 -Generating unique operation named: updateUsingHEAD_5
2018-12-04 16:56:37 -Generating unique operation named: updateUsingPOST_9
2018-12-04 16:56:37 -Generating unique operation named: updateUsingPUT_5
2018-12-04 16:56:37 -Generating unique operation named: updateUsingPATCH_5
2018-12-04 16:56:37 -Generating unique operation named: updateUsingDELETE_5
2018-12-04 16:56:37 -Generating unique operation named: updateUsingOPTIONS_5
2018-12-04 16:56:37 -Generating unique operation named: updateUsingTRACE_5
2018-12-04 16:56:37 -Generating unique operation named: listUsingGET_13
2018-12-04 16:56:37 -Generating unique operation named: listUsingHEAD_1
2018-12-04 16:56:37 -Generating unique operation named: listUsingPOST_1
2018-12-04 16:56:37 -Generating unique operation named: listUsingPUT_1
2018-12-04 16:56:37 -Generating unique operation named: listUsingPATCH_1
2018-12-04 16:56:37 -Generating unique operation named: listUsingDELETE_1
2018-12-04 16:56:37 -Generating unique operation named: listUsingOPTIONS_1
2018-12-04 16:56:37 -Generating unique operation named: listUsingTRACE_1
2018-12-04 16:56:37 -Generating unique operation named: listUsingGET_14
2018-12-04 16:56:37 -Generating unique operation named: addUsingGET_10
2018-12-04 16:56:37 -Generating unique operation named: batchRemoveUsingPOST_4
2018-12-04 16:56:37 -Generating unique operation named: editUsingGET_11
2018-12-04 16:56:37 -Generating unique operation named: listUsingGET_15
2018-12-04 16:56:37 -Generating unique operation named: removeUsingPOST_17
2018-12-04 16:56:37 -Generating unique operation named: saveUsingPOST_9
2018-12-04 16:56:37 -Generating unique operation named: treeUsingGET_3
2018-12-04 16:56:37 -Generating unique operation named: treeViewUsingGET_1
2018-12-04 16:56:37 -Generating unique operation named: updateUsingPOST_10
2018-12-04 16:56:37 -Starting Quartz Scheduler now
2018-12-04 16:56:37 -Scheduler schedulerFactoryBean_$_NON_CLUSTERED started.
2018-12-04 16:56:37 -Starting...
2018-12-04 16:56:37 -BrokerAvailabilityEvent[available=true, SimpleBrokerMessageHandler [DefaultSubscriptionRegistry[cache[0 destination(s)], registry[0 sessions]]]]
2018-12-04 16:56:37 -Started.
2018-12-04 16:56:37 -Starting ProtocolHandler ["http-nio-80"]
2018-12-04 16:56:37 -Using a shared selector for servlet write/read
2018-12-04 16:56:37 -Tomcat started on port(s): 80 (http) with context path ''
2018-12-04 16:56:37 -Started BootdoApplication in 13.493 seconds (JVM running for 17.806)
2018-12-04 16:56:37 -==>  Preparing: select `id`,`cron_expression`,`method_name`,`is_concurrent`,`description`,`update_by`,`bean_class`,`create_date`,`job_status`,`job_group`,`update_date`,`create_by`,`spring_bean`,`job_name` from sys_task order by id desc 
2018-12-04 16:56:37 -==> Parameters: 
2018-12-04 16:56:37 -<==      Total: 1
2018-12-04 16:56:50 -Initializing Spring FrameworkServlet 'dispatcherServlet'
2018-12-04 16:56:50 -FrameworkServlet 'dispatcherServlet': initialization started
2018-12-04 16:56:50 -FrameworkServlet 'dispatcherServlet': initialization completed in 33 ms
2018-12-04 16:56:50 -Enabling session validation scheduler...
2018-12-04 16:56:50 -请求地址 : http://localhost/login
2018-12-04 16:56:50 -HTTP METHOD : GET
2018-12-04 16:56:50 -CLASS_METHOD : com.bootdo.system.controller.LoginController.login
2018-12-04 16:56:50 -参数 : []
2018-12-04 16:56:50 -耗时 : 2
2018-12-04 16:56:50 -返回值 : login
2018-12-04 16:56:53 -请求地址 : http://localhost/login
2018-12-04 16:56:53 -HTTP METHOD : POST
2018-12-04 16:56:53 -CLASS_METHOD : com.bootdo.system.controller.LoginController.ajaxLogin
2018-12-04 16:56:53 -参数 : [admin, 111111]
2018-12-04 16:56:53 -==>  Preparing: select `user_id`,`username`,`name`,`password`,`dept_id`,`email`,`mobile`,`status`,`user_id_create`,`gmt_create`,`gmt_modified`,`sex`,`birth`,`pic_id`,`live_address`,`hobby`,`province`,`city`,`district` from sys_user WHERE username = ? order by user_id desc 
2018-12-04 16:56:53 -==> Parameters: admin(String)
2018-12-04 16:56:53 -<==      Total: 1
2018-12-04 16:56:53 -耗时 : 23
2018-12-04 16:56:53 -返回值 : {msg=操作成功, code=0}
2018-12-04 16:56:53 -More than one TaskExecutor bean found within the context, and none is named 'taskExecutor'. Mark one of them as primary or name it 'taskExecutor' (possibly as an alias) in order to use it for async processing: [clientInboundChannelExecutor, clientOutboundChannelExecutor, brokerChannelExecutor, messageBrokerTaskScheduler]
2018-12-04 16:56:53 -==>  Preparing: insert into sys_log ( `user_id`, `username`, `operation`, `time`, `method`, `params`, `ip`, `gmt_create` ) values ( ?, ?, ?, ?, ?, ?, ?, ? ) 
2018-12-04 16:56:53 -==> Parameters: 1(Long), admin(String), 登录(String), 24(Integer), com.bootdo.system.controller.LoginController.ajaxLogin()(String), null, 127.0.0.1(String), 2018-12-04 16:56:53.082(Timestamp)
2018-12-04 16:56:53 -<==    Updates: 1
2018-12-04 16:56:53 -请求地址 : http://localhost/index
2018-12-04 16:56:53 -HTTP METHOD : GET
2018-12-04 16:56:53 -CLASS_METHOD : com.bootdo.system.controller.LoginController.index
2018-12-04 16:56:53 -参数 : [{}]
2018-12-04 16:56:53 -==>  Preparing: select distinct m.menu_id , parent_id, name, url, perms,`type`,icon,order_num,gmt_create, gmt_modified from sys_menu m left join sys_role_menu rm on m.menu_id = rm.menu_id left join sys_user_role ur on rm.role_id =ur.role_id where ur.user_id = ? and m.type in(0,1) order by m.order_num 
2018-12-04 16:56:53 -==> Parameters: 1(Long)
2018-12-04 16:56:53 -<==      Total: 28
2018-12-04 16:56:53 -==>  Preparing: select `id`,`type`,`url`,`create_date` from sys_file where id = ? 
2018-12-04 16:56:53 -==> Parameters: 138(Long)
2018-12-04 16:56:53 -<==      Total: 1
2018-12-04 16:56:53 -耗时 : 52
2018-12-04 16:56:53 -返回值 : index_v1
2018-12-04 16:56:53 -==>  Preparing: insert into sys_log ( `user_id`, `username`, `operation`, `time`, `method`, `params`, `ip`, `gmt_create` ) values ( ?, ?, ?, ?, ?, ?, ?, ? ) 
2018-12-04 16:56:53 -==> Parameters: 1(Long), admin(String), 请求访问主页(String), 52(Integer), com.bootdo.system.controller.LoginController.index()(String), null, 127.0.0.1(String), 2018-12-04 16:56:53.197(Timestamp)
2018-12-04 16:56:53 -<==    Updates: 1
2018-12-04 16:56:53 -请求地址 : http://localhost/main
2018-12-04 16:56:53 -HTTP METHOD : GET
2018-12-04 16:56:53 -CLASS_METHOD : com.bootdo.system.controller.LoginController.main
2018-12-04 16:56:53 -参数 : []
2018-12-04 16:56:53 -耗时 : 0
2018-12-04 16:56:53 -返回值 : main
2018-12-04 16:56:53 -请求地址 : http://localhost/oa/notify/message
2018-12-04 16:56:53 -HTTP METHOD : GET
2018-12-04 16:56:53 -CLASS_METHOD : com.bootdo.oa.controller.NotifyController.message
2018-12-04 16:56:53 -参数 : []
2018-12-04 16:56:53 -==>  Preparing: select DISTINCT n.id ,`type`,`title`,`content`,`files`,r.is_read,`status`,`create_by`,`create_date`,`update_by`,`update_date`,`remarks`,`del_flag` from oa_notify_record r right JOIN oa_notify n on r.notify_id = n.id WHERE r.is_read = ? and r.user_id = ? order by is_read ASC, update_date DESC limit ?, ? 
2018-12-04 16:56:53 -==> Parameters: 0(String), 1(Long), 0(Integer), 3(Integer)
2018-12-04 16:56:53 -<==      Total: 0
2018-12-04 16:56:53 -==>  Preparing: select count(*) from oa_notify_record r right JOIN oa_notify n on r.notify_id = n.id where r.user_id =? and r.is_read = ? 
2018-12-04 16:56:53 -==> Parameters: 1(Long), 0(String)
2018-12-04 16:56:53 -请求地址 : http://localhost/main
2018-12-04 16:56:53 -HTTP METHOD : GET
2018-12-04 16:56:53 -CLASS_METHOD : com.bootdo.system.controller.LoginController.main
2018-12-04 16:56:53 -<==      Total: 1
2018-12-04 16:56:53 -参数 : []
2018-12-04 16:56:53 -耗时 : 1
2018-12-04 16:56:53 -返回值 : main
2018-12-04 16:56:53 -耗时 : 28
2018-12-04 16:56:53 -返回值 : com.bootdo.common.utils.PageUtils@78529711
2018-12-04 16:57:31 -请求地址 : http://localhost/common/generator
2018-12-04 16:57:31 -HTTP METHOD : GET
2018-12-04 16:57:31 -CLASS_METHOD : com.bootdo.common.controller.GeneratorController.generator
2018-12-04 16:57:31 -参数 : []
2018-12-04 16:57:31 -耗时 : 1
2018-12-04 16:57:31 -返回值 : common/generator/list
2018-12-04 16:57:31 -请求地址 : http://localhost/common/generator/list
2018-12-04 16:57:31 -HTTP METHOD : GET
2018-12-04 16:57:31 -CLASS_METHOD : com.bootdo.common.controller.GeneratorController.list
2018-12-04 16:57:31 -参数 : []
2018-12-04 16:57:31 -==>  Preparing: select table_name tableName, engine, table_comment tableComment, create_time createTime from information_schema.tables where table_schema = (select database()) 
2018-12-04 16:57:31 -==> Parameters: 
2018-12-04 16:57:31 -<==      Total: 43
2018-12-04 16:57:31 -耗时 : 58
2018-12-04 16:57:31 -返回值 : [{engine=InnoDB, createTime=2018-11-16 09:38:40.0, tableComment=, tableName=act_evt_log}, {engine=InnoDB, createTime=2018-11-16 09:38:40.0, tableComment=, tableName=act_ge_bytearray}, {engine=InnoDB, createTime=2018-11-16 09:38:40.0, tableComment=, tableName=act_ge_property}, {engine=InnoDB, createTime=2018-11-16 09:38:40.0, tableComment=, tableName=act_hi_actinst}, {engine=InnoDB, createTime=2018-11-16 09:38:40.0, tableComment=, tableName=act_hi_attachment}, {engine=InnoDB, createTime=2018-11-16 09:38:41.0, tableComment=, tableName=act_hi_comment}, {engine=InnoDB, createTime=2018-11-16 09:38:41.0, tableComment=, tableName=act_hi_detail}, {engine=InnoDB, createTime=2018-11-16 09:38:41.0, tableComment=, tableName=act_hi_identitylink}, {engine=InnoDB, createTime=2018-11-16 09:38:41.0, tableComment=, tableName=act_hi_procinst}, {engine=InnoDB, createTime=2018-11-16 09:38:41.0, tableComment=, tableName=act_hi_taskinst}, {engine=InnoDB, createTime=2018-11-16 09:38:41.0, tableComment=, tableName=act_hi_varinst}, {engine=InnoDB, createTime=2018-11-16 09:38:41.0, tableComment=, tableName=act_id_group}, {engine=InnoDB, createTime=2018-11-16 09:38:41.0, tableComment=, tableName=act_id_info}, {engine=InnoDB, createTime=2018-11-16 09:38:41.0, tableComment=, tableName=act_id_membership}, {engine=InnoDB, createTime=2018-11-16 09:38:41.0, tableComment=, tableName=act_id_user}, {engine=InnoDB, createTime=2018-11-16 09:38:41.0, tableComment=, tableName=act_procdef_info}, {engine=InnoDB, createTime=2018-11-16 09:38:41.0, tableComment=, tableName=act_re_deployment}, {engine=InnoDB, createTime=2018-11-16 09:38:41.0, tableComment=, tableName=act_re_model}, {engine=InnoDB, createTime=2018-11-16 09:38:41.0, tableComment=, tableName=act_re_procdef}, {engine=InnoDB, createTime=2018-11-16 09:38:41.0, tableComment=, tableName=act_ru_event_subscr}, {engine=InnoDB, createTime=2018-11-16 09:38:41.0, tableComment=, tableName=act_ru_execution}, {engine=InnoDB, createTime=2018-11-16 09:38:41.0, tableComment=, tableName=act_ru_identitylink}, {engine=InnoDB, createTime=2018-11-16 09:38:41.0, tableComment=, tableName=act_ru_job}, {engine=InnoDB, createTime=2018-11-16 09:38:41.0, tableComment=, tableName=act_ru_task}, {engine=InnoDB, createTime=2018-11-16 09:38:42.0, tableComment=, tableName=act_ru_variable}, {engine=InnoDB, createTime=2018-11-16 09:38:42.0, tableComment=文章内容, tableName=blog_content}, {engine=InnoDB, createTime=2018-11-16 09:38:42.0, tableComment=通知通告, tableName=oa_notify}, {engine=InnoDB, createTime=2018-11-16 09:38:42.0, tableComment=通知通告发送记录, tableName=oa_notify_record}, {engine=InnoDB, createTime=2018-11-16 09:38:42.0, tableComment=审批流程测试表, tableName=salary}, {engine=InnoDB, createTime=2018-11-16 09:38:42.0, tableComment=部门管理, tableName=sys_dept}, {engine=InnoDB, createTime=2018-11-16 09:38:42.0, tableComment=字典表, tableName=sys_dict}, {engine=InnoDB, createTime=2018-11-16 09:38:42.0, tableComment=文件上传, tableName=sys_file}, {engine=InnoDB, createTime=2018-11-16 09:38:42.0, tableComment=系统日志, tableName=sys_log}, {engine=InnoDB, createTime=2018-11-16 09:38:42.0, tableComment=菜单管理, tableName=sys_menu}, {engine=InnoDB, createTime=2018-11-16 09:38:42.0, tableComment=角色, tableName=sys_role}, {engine=InnoDB, createTime=2018-11-16 09:38:42.0, tableComment=角色与菜单对应关系, tableName=sys_role_menu}, {engine=MyISAM, createTime=2018-11-16 09:38:42.0, tableComment=, tableName=sys_task}, {engine=InnoDB, createTime=2018-11-16 09:38:42.0, tableComment=, tableName=sys_user}, {engine=InnoDB, createTime=2018-11-16 09:38:42.0, tableComment=, tableName=sys_user_plus}, {engine=InnoDB, createTime=2018-11-16 09:38:42.0, tableComment=用户与角色对应关系, tableName=sys_user_role}, {engine=MyISAM, createTime=2018-12-04 16:53:51.0, tableComment=, tableName=taskcopletion4}, {engine=MyISAM, createTime=2018-12-03 15:12:38.0, tableComment=, tableName=tf_b_monitor_data}, {engine=InnoDB, createTime=2018-11-16 09:39:20.0, tableComment=, tableName=tf_f_staff_dingtalk_relation}]
2018-12-04 16:57:34 -WebSocketSession[1 current WS(1)-HttpStream(0)-HttpPoll(0), 1 total, 0 closed abnormally (0 connect failure, 0 send limit, 0 transport error)], stompSubProtocol[processed CONNECT(1)-CONNECTED(1)-DISCONNECT(0)], stompBrokerRelay[null], inboundChannel[pool size = 8, active threads = 0, queued tasks = 0, completed tasks = 9], outboundChannelpool size = 1, active threads = 0, queued tasks = 0, completed tasks = 1], sockJsScheduler[pool size = 4, active threads = 1, queued tasks = 2, completed tasks = 10]
2018-12-04 16:57:45 -请求地址 : http://localhost/common/generator/code/taskcopletion4
2018-12-04 16:57:45 -HTTP METHOD : GET
2018-12-04 16:57:45 -CLASS_METHOD : com.bootdo.common.controller.GeneratorController.code
2018-12-04 16:57:45 -参数 : [org.apache.shiro.web.servlet.ShiroHttpServletRequest@60ef86da, org.apache.shiro.web.servlet.ShiroHttpServletResponse@761724f, taskcopletion4]
2018-12-04 16:57:45 -==>  Preparing: select table_name tableName, engine, table_comment tableComment, create_time createTime from information_schema.tables where table_schema = (select database()) and table_name = ? 
2018-12-04 16:57:45 -==> Parameters: taskcopletion4(String)
2018-12-04 16:57:45 -<==      Total: 1
2018-12-04 16:57:45 -==>  Preparing: select column_name columnName, data_type dataType, column_comment columnComment, column_key columnKey, extra from information_schema.columns where table_name = ? and table_schema = (select database()) order by ordinal_position 
2018-12-04 16:57:45 -==> Parameters: taskcopletion4(String)
2018-12-04 16:57:45 -<==      Total: 55
2018-12-04 16:57:45 -耗时 : 203
2018-12-04 16:57:45 -返回值 : null
2018-12-04 17:27:34 -WebSocketSession[0 current WS(0)-HttpStream(0)-HttpPoll(0), 1 total, 0 closed abnormally (0 connect failure, 0 send limit, 0 transport error)], stompSubProtocol[processed CONNECT(1)-CONNECTED(1)-DISCONNECT(0)], stompBrokerRelay[null], inboundChannel[pool size = 0, active threads = 0, queued tasks = 0, completed tasks = 12], outboundChannelpool size = 0, active threads = 0, queued tasks = 0, completed tasks = 2], sockJsScheduler[pool size = 4, active threads = 1, queued tasks = 1, completed tasks = 382]
